# JRE version: OpenJDK Runtime Environment (8.0_242) (build 1.8.0_242-release-1644-b3-6222593)
# Java VM: OpenJDK 64-Bit Server VM (25.242-b3-6222593 mixed mode bsd-amd64 compressed oops)
Heap:
 PSYoungGen      total 320000K, used 142340K [0x00000007a0000000, 0x00000007c0000000, 0x00000007c0000000)
  eden space 179200K, 0% used [0x00000007a0000000,0x00000007a01854f8,0x00000007aaf00000)
  from space 140800K, 99% used [0x00000007b7680000,0x00000007bfffbb90,0x00000007c0000000)
  to   space 172544K, 0% used [0x00000007aaf00000,0x00000007aaf00000,0x00000007b5780000)
 ParOldGen       total 548864K, used 162998K [0x0000000760000000, 0x0000000781800000, 0x00000007a0000000)
  object space 548864K, 29% used [0x0000000760000000,0x0000000769f2d9e0,0x0000000781800000)
 Metaspace       used 237439K, capacity 247514K, committed 247960K, reserved 1265664K
  class space    used 29218K, capacity 31050K, committed 31136K, reserved 1048576K
GC Heap History (10 events):
Event: 6920.266 GC heap before
{Heap before GC invocations=84 (full 6):
 PSYoungGen      total 382464K, used 292760K [0x00000007a0000000, 0x00000007bf780000, 0x00000007c0000000)
  eden space 266240K, 100% used [0x00000007a0000000,0x00000007b0400000,0x00000007b0400000)
  from space 116224K, 22% used [0x00000007b0400000,0x00000007b1de6040,0x00000007b7580000)
  to   space 114176K, 0% used [0x00000007b8800000,0x00000007b8800000,0x00000007bf780000)
 ParOldGen       total 548864K, used 118177K [0x0000000760000000, 0x0000000781800000, 0x00000007a0000000)
  object space 548864K, 21% used [0x0000000760000000,0x0000000767368678,0x0000000781800000)
 Metaspace       used 212595K, capacity 222310K, committed 225320K, reserved 1247232K
  class space    used 26265K, capacity 28002K, committed 28320K, reserved 1048576K
Event: 6920.284 GC heap after
Heap after GC invocations=84 (full 6):
 PSYoungGen      total 396288K, used 43772K [0x00000007a0000000, 0x00000007bef80000, 0x00000007c0000000)
  eden space 290304K, 0% used [0x00000007a0000000,0x00000007a0000000,0x00000007b1b80000)
  from space 105984K, 41% used [0x00000007b8800000,0x00000007bb2bf100,0x00000007bef80000)
  to   space 108544K, 0% used [0x00000007b1b80000,0x00000007b1b80000,0x00000007b8580000)
 ParOldGen       total 548864K, used 118185K [0x0000000760000000, 0x0000000781800000, 0x00000007a0000000)
  object space 548864K, 21% used [0x0000000760000000,0x000000076736a678,0x0000000781800000)
 Metaspace       used 212595K, capacity 222310K, committed 225320K, reserved 1247232K
  class space    used 26265K, capacity 28002K, committed 28320K, reserved 1048576K
}
Event: 6921.973 GC heap before
{Heap before GC invocations=85 (full 6):
 PSYoungGen      total 396288K, used 334076K [0x00000007a0000000, 0x00000007bef80000, 0x00000007c0000000)
  eden space 290304K, 100% used [0x00000007a0000000,0x00000007b1b80000,0x00000007b1b80000)
  from space 105984K, 41% used [0x00000007b8800000,0x00000007bb2bf100,0x00000007bef80000)
  to   space 108544K, 0% used [0x00000007b1b80000,0x00000007b1b80000,0x00000007b8580000)
 ParOldGen       total 548864K, used 118185K [0x0000000760000000, 0x0000000781800000, 0x00000007a0000000)
  object space 548864K, 21% used [0x0000000760000000,0x000000076736a678,0x0000000781800000)
 Metaspace       used 224409K, capacity 234272K, committed 234904K, reserved 1255424K
  class space    used 27680K, capacity 29455K, committed 29600K, reserved 1048576K
Event: 6922.029 GC heap after
Heap after GC invocations=85 (full 6):
 PSYoungGen      total 398848K, used 108539K [0x00000007a0000000, 0x00000007c0000000, 0x00000007c0000000)
  eden space 290304K, 0% used [0x00000007a0000000,0x00000007a0000000,0x00000007b1b80000)
  from space 108544K, 99% used [0x00000007b1b80000,0x00000007b857ec08,0x00000007b8580000)
  to   space 125440K, 0% used [0x00000007b8580000,0x00000007b8580000,0x00000007c0000000)
 ParOldGen       total 548864K, used 133149K [0x0000000760000000, 0x0000000781800000, 0x00000007a0000000)
  object space 548864K, 24% used [0x0000000760000000,0x0000000768207728,0x0000000781800000)
 Metaspace       used 224409K, capacity 234272K, committed 234904K, reserved 1255424K
  class space    used 27680K, capacity 29455K, committed 29600K, reserved 1048576K
}
Event: 6922.792 GC heap before
{Heap before GC invocations=86 (full 6):
 PSYoungGen      total 398848K, used 398843K [0x00000007a0000000, 0x00000007c0000000, 0x00000007c0000000)
  eden space 290304K, 100% used [0x00000007a0000000,0x00000007b1b80000,0x00000007b1b80000)
  from space 108544K, 99% used [0x00000007b1b80000,0x00000007b857ec08,0x00000007b8580000)
  to   space 125440K, 0% used [0x00000007b8580000,0x00000007b8580000,0x00000007c0000000)
 ParOldGen       total 548864K, used 133149K [0x0000000760000000, 0x0000000781800000, 0x00000007a0000000)
  object space 548864K, 24% used [0x0000000760000000,0x0000000768207728,0x0000000781800000)
 Metaspace       used 225536K, capacity 235468K, committed 236056K, reserved 1255424K
  class space    used 27801K, capacity 29595K, committed 29728K, reserved 1048576K
Event: 6922.826 GC heap after
Heap after GC invocations=86 (full 6):
 PSYoungGen      total 380416K, used 88249K [0x00000007a0000000, 0x00000007c0000000, 0x00000007c0000000)
  eden space 254976K, 0% used [0x00000007a0000000,0x00000007a0000000,0x00000007af900000)
  from space 125440K, 70% used [0x00000007b8580000,0x00000007bdbae6e8,0x00000007c0000000)
  to   space 134656K, 0% used [0x00000007af900000,0x00000007af900000,0x00000007b7c80000)
 ParOldGen       total 548864K, used 133149K [0x0000000760000000, 0x0000000781800000, 0x00000007a0000000)
  object space 548864K, 24% used [0x0000000760000000,0x0000000768207728,0x0000000781800000)
 Metaspace       used 225536K, capacity 235468K, committed 236056K, reserved 1255424K
  class space    used 27801K, capacity 29595K, committed 29728K, reserved 1048576K
}
Event: 8152.237 GC heap before
{Heap before GC invocations=87 (full 6):
 PSYoungGen      total 380416K, used 343225K [0x00000007a0000000, 0x00000007c0000000, 0x00000007c0000000)
  eden space 254976K, 100% used [0x00000007a0000000,0x00000007af900000,0x00000007af900000)
  from space 125440K, 70% used [0x00000007b8580000,0x00000007bdbae6e8,0x00000007c0000000)
  to   space 134656K, 0% used [0x00000007af900000,0x00000007af900000,0x00000007b7c80000)
 ParOldGen       total 548864K, used 133149K [0x0000000760000000, 0x0000000781800000, 0x00000007a0000000)
  object space 548864K, 24% used [0x0000000760000000,0x0000000768207728,0x0000000781800000)
 Metaspace       used 226040K, capacity 235916K, committed 236312K, reserved 1255424K
  class space    used 27839K, capacity 29637K, committed 29728K, reserved 1048576K
Event: 8152.275 GC heap after
Heap after GC invocations=87 (full 6):
 PSYoungGen      total 350720K, used 95260K [0x00000007a0000000, 0x00000007c0000000, 0x00000007c0000000)
  eden space 254976K, 0% used [0x00000007a0000000,0x00000007a0000000,0x00000007af900000)
  from space 95744K, 99% used [0x00000007af900000,0x00000007b5607258,0x00000007b5680000)
  to   space 140800K, 0% used [0x00000007b7680000,0x00000007b7680000,0x00000007c0000000)
 ParOldGen       total 548864K, used 133157K [0x0000000760000000, 0x0000000781800000, 0x00000007a0000000)
  object space 548864K, 24% used [0x0000000760000000,0x0000000768209728,0x0000000781800000)
 Metaspace       used 226040K, capacity 235916K, committed 236312K, reserved 1255424K
  class space    used 27839K, capacity 29637K, committed 29728K, reserved 1048576K
}
Event: 8154.311 GC heap before
{Heap before GC invocations=88 (full 6):
 PSYoungGen      total 350720K, used 350236K [0x00000007a0000000, 0x00000007c0000000, 0x00000007c0000000)
  eden space 254976K, 100% used [0x00000007a0000000,0x00000007af900000,0x00000007af900000)
  from space 95744K, 99% used [0x00000007af900000,0x00000007b5607258,0x00000007b5680000)
  to   space 140800K, 0% used [0x00000007b7680000,0x00000007b7680000,0x00000007c0000000)
 ParOldGen       total 548864K, used 133157K [0x0000000760000000, 0x0000000781800000, 0x00000007a0000000)
  object space 548864K, 24% used [0x0000000760000000,0x0000000768209728,0x0000000781800000)
 Metaspace       used 237439K, capacity 247514K, committed 247960K, reserved 1265664K
  class space    used 29218K, capacity 31050K, committed 31136K, reserved 1048576K
Event: 8154.381 GC heap after
Heap after GC invocations=88 (full 6):
 PSYoungGen      total 320000K, used 140782K [0x00000007a0000000, 0x00000007c0000000, 0x00000007c0000000)
  eden space 179200K, 0% used [0x00000007a0000000,0x00000007a0000000,0x00000007aaf00000)
  from space 140800K, 99% used [0x00000007b7680000,0x00000007bfffbb90,0x00000007c0000000)
  to   space 172544K, 0% used [0x00000007aaf00000,0x00000007aaf00000,0x00000007b5780000)
 ParOldGen       total 548864K, used 162998K [0x0000000760000000, 0x0000000781800000, 0x00000007a0000000)
  object space 548864K, 29% used [0x0000000760000000,0x0000000769f2d9e0,0x0000000781800000)
 Metaspace       used 237439K, capacity 247514K, committed 247960K, reserved 1265664K
  class space    used 29218K, capacity 31050K, committed 31136K, reserved 1048576K
}

